  [4;36;1mSQL (15.0ms)[0m   [0;1m SELECT name
 FROM sqlite_master
 WHERE type = 'table' AND NOT name = 'sqlite_sequence'
[0m
  [4;35;1mSQL (0.0ms)[0m   [0mselect sqlite_version(*)[0m
  [4;36;1mSQL (82.0ms)[0m   [0;1mCREATE TABLE "schema_migrations" ("version" varchar(255) NOT NULL) [0m
  [4;35;1mSQL (0.0ms)[0m   [0mPRAGMA index_list("schema_migrations")[0m
  [4;36;1mSQL (66.0ms)[0m   [0;1mCREATE UNIQUE INDEX "unique_schema_migrations" ON "schema_migrations" ("version")[0m
  [4;35;1mSQL (0.0ms)[0m   [0m SELECT name
 FROM sqlite_master
 WHERE type = 'table' AND NOT name = 'sqlite_sequence'
[0m
  [4;36;1mSQL (1.0ms)[0m   [0;1mSELECT version FROM schema_migrations[0m
Migrating to CreateMovies (20100915071424)
  [4;35;1mSQL (2.0ms)[0m   [0mCREATE TABLE "movies" ("id" INTEGER PRIMARY KEY AUTOINCREMENT NOT NULL, "title" varchar(255), "description" text, "rating" varchar(255), "released_on" datetime, "created_at" datetime, "updated_at" datetime) [0m
  [4;36;1mSQL (1.0ms)[0m   [0;1mINSERT INTO schema_migrations (version) VALUES ('20100915071424')[0m
  [4;35;1mSQL (0.0ms)[0m   [0m SELECT name
 FROM sqlite_master
 WHERE type = 'table' AND NOT name = 'sqlite_sequence'
[0m
  [4;36;1mSQL (1.0ms)[0m   [0;1mSELECT version FROM schema_migrations[0m
  [4;35;1mSQL (0.0ms)[0m   [0m SELECT name
 FROM sqlite_master
 WHERE type = 'table' AND NOT name = 'sqlite_sequence'
[0m
  [4;36;1mSQL (0.0ms)[0m   [0;1mPRAGMA index_list("movies")[0m


Processing MoviesController#index (for 127.0.0.1 at 2010-09-15 00:17:44) [GET]
  [4;36;1mMovie Load (9.0ms)[0m   [0;1mSELECT * FROM "movies" [0m
Rendering template within layouts/movies
Rendering movies/index
Completed in 85ms (View: 67, DB: 9) | 200 OK [http://localhost/movies]


Processing MoviesController#new (for 127.0.0.1 at 2010-09-15 00:17:46) [GET]
Rendering template within layouts/movies
Rendering movies/new
Completed in 48ms (View: 39, DB: 0) | 200 OK [http://localhost/movies/new]


Processing MoviesController#create (for 127.0.0.1 at 2010-09-15 00:17:58) [POST]
  Parameters: {"commit"=>"Create", "authenticity_token"=>"QYeCitmPge15/Qw/SIIB1QckQbDNl9mFxM3My688Nrs=", "movie"=>{"rating"=>"5", "title"=>"Snow White", "released_on(1i)"=>"2010", "released_on(2i)"=>"9", "released_on(3i)"=>"15", "released_on(4i)"=>"07", "released_on(5i)"=>"17", "description"=>"Disney Movie"}}
  [4;35;1mMovie Create (2.0ms)[0m   [0mINSERT INTO "movies" ("rating", "created_at", "title", "released_on", "updated_at", "description") VALUES('5', '2010-09-15 07:17:58', 'Snow White', '2010-09-15 07:17:00', '2010-09-15 07:17:58', 'Disney Movie')[0m
Redirected to http://localhost:3000/movies/1
Completed in 91ms (DB: 2) | 302 Found [http://localhost/movies]


Processing MoviesController#show (for 127.0.0.1 at 2010-09-15 00:17:58) [GET]
  Parameters: {"id"=>"1"}
  [4;36;1mMovie Load (1.0ms)[0m   [0;1mSELECT * FROM "movies" WHERE ("movies"."id" = 1) [0m
Rendering template within layouts/movies
Rendering movies/show
Completed in 22ms (View: 11, DB: 1) | 200 OK [http://localhost/movies/1]


Processing MoviesController#index (for 127.0.0.1 at 2010-09-15 00:18:02) [GET]
  [4;35;1mMovie Load (1.0ms)[0m   [0mSELECT * FROM "movies" [0m
Rendering template within layouts/movies
Rendering movies/index
Completed in 18ms (View: 8, DB: 1) | 200 OK [http://localhost/movies]


Processing MoviesController#index (for 127.0.0.1 at 2010-09-15 00:20:27) [GET]
  [4;36;1mMovie Load (0.0ms)[0m   [0;1mSELECT * FROM "movies" [0m
Rendering template within layouts/movies
Rendering movies/index
Completed in 19ms (View: 10, DB: 0) | 200 OK [http://localhost/]


Processing MoviesController#index (for 127.0.0.1 at 2010-09-15 00:26:03) [GET]
  [4;35;1mMovie Load (0.0ms)[0m   [0mSELECT * FROM "movies" [0m
Rendering template within layouts/movies
Rendering movies/index
Completed in 18ms (View: 8, DB: 0) | 200 OK [http://localhost/]


Processing MoviesController#new (for 127.0.0.1 at 2010-09-15 00:27:43) [GET]
Rendering template within layouts/movies
Rendering movies/new
Completed in 26ms (View: 16, DB: 0) | 200 OK [http://localhost/movies/new]


Processing MoviesController#new (for 127.0.0.1 at 2010-09-15 00:28:43) [GET]
Rendering template within layouts/movies
Rendering movies/new
ERROR: compiling _run_erb_app47views47movies47new46html46erb RAISED compile error
/cygdrive/c/Users/Derrick/My Dropbox/CS169/assignments/hw2/rottenpotatoes/app/views/movies/new.html.erb:21: syntax error, unexpected '<', expecting ')'
  </p>
   ^
/cygdrive/c/Users/Derrick/My Dropbox/CS169/assignments/hw2/rottenpotatoes/app/views/movies/new.html.erb:23: unknown regexp option - p
/cygdrive/c/Users/Derrick/My Dropbox/CS169/assignments/hw2/rottenpotatoes/app/views/movies/new.html.erb:23: unmatched ): /p>
  <p>
    <%= f.submit 'Create' ).to_s); @output_buffer.concat "\n  </
/cygdrive/c/Users/Derrick/My Dropbox/CS169/assignments/hw2/rottenpotatoes/app/views/movies/new.html.erb:23: syntax error, unexpected $undefined
    <%= f.submit 'Create' ).to_s); @output_buffer.concat "\n  </p>\n"
                                                                   ^
/cygdrive/c/Users/Derrick/My Dropbox/CS169/assignments/hw2/rottenpotatoes/app/views/movies/new.html.erb:25: syntax error, unexpected $undefined, expecting ')'
;  end ; @output_buffer.concat "\n\n"
                                 ^
/cygdrive/c/Users/Derrick/My Dropbox/CS169/assignments/hw2/rottenpotatoes/app/views/movies/new.html.erb:27: syntax error, unexpected $undefined, expecting ')'
...o_s); @output_buffer.concat "\n"
                              ^
/cygdrive/c/Users/Derrick/My Dropbox/CS169/assignments/hw2/rottenpotatoes/app/views/movies/new.html.erb:27: unterminated string meets end of file
/cygdrive/c/Users/Derrick/My Dropbox/CS169/assignments/hw2/rottenpotatoes/app/views/movies/new.html.erb:27: syntax error, unexpected $end, expecting ')'
Function body:           def _run_erb_app47views47movies47new46html46erb(local_assigns)
            old_output_buffer = output_buffer;;@output_buffer = '';  __in_erb_template=true ; @output_buffer.concat "<h1>New movie</h1>\n\n"

;  form_for(@movie) do |f| ; @output_buffer.concat "\n  "
; @output_buffer.concat(( f.error_messages ).to_s); @output_buffer.concat "\n\n  <p>\n    "


; @output_buffer.concat(( f.label :title ).to_s); @output_buffer.concat "<br />\n    "
; @output_buffer.concat(( f.text_field :title ).to_s); @output_buffer.concat "\n  </p>\n  <p>\n    "


; @output_buffer.concat(( f.label :description ).to_s); @output_buffer.concat "<br />\n    "
; @output_buffer.concat(( f.text_area :description ).to_s); @output_buffer.concat "\n  </p>\n  <p>\n    "


; @output_buffer.concat(( f.label :rating ).to_s); @output_buffer.concat "<br />\n    "
; @output_buffer.concat(( f.text_field :rating ).to_s); @output_buffer.concat "\n  </p>\n  <p>\n    "


; @output_buffer.concat(( f.label :released_on ).to_s); @output_buffer.concat "<br />\n    "
; @output_buffer.concat(( f.datetime_select :released_on, :prompt => {:month => 'Choose month', :day => 'Choose day', :year => 'Choose year'}
  </p>
  <p>
    <%= f.submit 'Create' ).to_s); @output_buffer.concat "\n  </p>\n"

;  end ; @output_buffer.concat "\n\n"

; @output_buffer.concat(( link_to 'Back', movies_path ).to_s); @output_buffer.concat "\n"
; @output_buffer
          ensure
            self.output_buffer = old_output_buffer
          end
Backtrace: /cygdrive/c/Users/Derrick/My Dropbox/CS169/assignments/hw2/rottenpotatoes/app/views/movies/new.html.erb:27:in `compile!'
/usr/lib/ruby/gems/1.8/gems/actionpack-2.3.8/lib/action_view/renderable.rb:61:in `compile'
/usr/lib/ruby/gems/1.8/gems/actionpack-2.3.8/lib/action_view/renderable.rb:28:in `render'
/usr/lib/ruby/gems/1.8/gems/actionpack-2.3.8/lib/action_view/template.rb:205:in `render_template'
/usr/lib/ruby/gems/1.8/gems/actionpack-2.3.8/lib/action_view/base.rb:265:in `render'
/usr/lib/ruby/gems/1.8/gems/actionpack-2.3.8/lib/action_view/base.rb:348:in `_render_with_layout'
/usr/lib/ruby/gems/1.8/gems/actionpack-2.3.8/lib/action_view/base.rb:262:in `render'
/usr/lib/ruby/gems/1.8/gems/actionpack-2.3.8/lib/action_controller/base.rb:1250:in `render_for_file'
/usr/lib/ruby/gems/1.8/gems/actionpack-2.3.8/lib/action_controller/base.rb:942:in `render_without_benchmark'
/usr/lib/ruby/gems/1.8/gems/actionpack-2.3.8/lib/action_controller/benchmarking.rb:51:in `render'
/usr/lib/ruby/gems/1.8/gems/activesupport-2.3.8/lib/active_support/core_ext/benchmark.rb:17:in `ms'
/usr/lib/ruby/1.8/benchmark.rb:308:in `realtime'
/usr/lib/ruby/gems/1.8/gems/activesupport-2.3.8/lib/active_support/core_ext/benchmark.rb:17:in `ms'
/usr/lib/ruby/gems/1.8/gems/actionpack-2.3.8/lib/action_controller/benchmarking.rb:51:in `render'
/usr/lib/ruby/gems/1.8/gems/actionpack-2.3.8/lib/action_controller/mime_responds.rb:135:in `send'
/usr/lib/ruby/gems/1.8/gems/actionpack-2.3.8/lib/action_controller/mime_responds.rb:135:in `custom'
/usr/lib/ruby/gems/1.8/gems/actionpack-2.3.8/lib/action_controller/mime_responds.rb:179:in `call'
/usr/lib/ruby/gems/1.8/gems/actionpack-2.3.8/lib/action_controller/mime_responds.rb:179:in `respond'
/usr/lib/ruby/gems/1.8/gems/actionpack-2.3.8/lib/action_controller/mime_responds.rb:173:in `each'
/usr/lib/ruby/gems/1.8/gems/actionpack-2.3.8/lib/action_controller/mime_responds.rb:173:in `respond'
/usr/lib/ruby/gems/1.8/gems/actionpack-2.3.8/lib/action_controller/mime_responds.rb:107:in `respond_to'
/cygdrive/c/Users/Derrick/My Dropbox/CS169/assignments/hw2/rottenpotatoes/app/controllers/movies_controller.rb:29:in `new'
/usr/lib/ruby/gems/1.8/gems/actionpack-2.3.8/lib/action_controller/base.rb:1331:in `send'
/usr/lib/ruby/gems/1.8/gems/actionpack-2.3.8/lib/action_controller/base.rb:1331:in `perform_action_without_filters'
/usr/lib/ruby/gems/1.8/gems/actionpack-2.3.8/lib/action_controller/filters.rb:617:in `call_filters'
/usr/lib/ruby/gems/1.8/gems/actionpack-2.3.8/lib/action_controller/filters.rb:610:in `perform_action_without_benchmark'
/usr/lib/ruby/gems/1.8/gems/actionpack-2.3.8/lib/action_controller/benchmarking.rb:68:in `perform_action_without_rescue'
/usr/lib/ruby/gems/1.8/gems/activesupport-2.3.8/lib/active_support/core_ext/benchmark.rb:17:in `ms'
/usr/lib/ruby/1.8/benchmark.rb:308:in `realtime'
/usr/lib/ruby/gems/1.8/gems/activesupport-2.3.8/lib/active_support/core_ext/benchmark.rb:17:in `ms'
/usr/lib/ruby/gems/1.8/gems/actionpack-2.3.8/lib/action_controller/benchmarking.rb:68:in `perform_action_without_rescue'
/usr/lib/ruby/gems/1.8/gems/actionpack-2.3.8/lib/action_controller/rescue.rb:160:in `perform_action_without_flash'
/usr/lib/ruby/gems/1.8/gems/actionpack-2.3.8/lib/action_controller/flash.rb:151:in `perform_action'
/usr/lib/ruby/gems/1.8/gems/actionpack-2.3.8/lib/action_controller/base.rb:532:in `send'
/usr/lib/ruby/gems/1.8/gems/actionpack-2.3.8/lib/action_controller/base.rb:532:in `process_without_filters'
/usr/lib/ruby/gems/1.8/gems/actionpack-2.3.8/lib/action_controller/filters.rb:606:in `process'
/usr/lib/ruby/gems/1.8/gems/actionpack-2.3.8/lib/action_controller/base.rb:391:in `process'
/usr/lib/ruby/gems/1.8/gems/actionpack-2.3.8/lib/action_controller/base.rb:386:in `call'
/usr/lib/ruby/gems/1.8/gems/actionpack-2.3.8/lib/action_controller/routing/route_set.rb:438:in `call'
/usr/lib/ruby/gems/1.8/gems/actionpack-2.3.8/lib/action_controller/dispatcher.rb:87:in `dispatch'
/usr/lib/ruby/gems/1.8/gems/actionpack-2.3.8/lib/action_controller/dispatcher.rb:121:in `_call'
/usr/lib/ruby/gems/1.8/gems/actionpack-2.3.8/lib/action_controller/dispatcher.rb:130:in `build_middleware_stack'
/usr/lib/ruby/gems/1.8/gems/activerecord-2.3.8/lib/active_record/query_cache.rb:29:in `call'
/usr/lib/ruby/gems/1.8/gems/activerecord-2.3.8/lib/active_record/query_cache.rb:29:in `call'
/usr/lib/ruby/gems/1.8/gems/activerecord-2.3.8/lib/active_record/connection_adapters/abstract/query_cache.rb:34:in `cache'
/usr/lib/ruby/gems/1.8/gems/activerecord-2.3.8/lib/active_record/query_cache.rb:9:in `cache'
/usr/lib/ruby/gems/1.8/gems/activerecord-2.3.8/lib/active_record/query_cache.rb:28:in `call'
/usr/lib/ruby/gems/1.8/gems/activerecord-2.3.8/lib/active_record/connection_adapters/abstract/connection_pool.rb:361:in `call'
/usr/lib/ruby/gems/1.8/gems/actionpack-2.3.8/lib/action_controller/string_coercion.rb:25:in `call'
/usr/lib/ruby/gems/1.8/gems/rack-1.1.0/lib/rack/head.rb:9:in `call'
/usr/lib/ruby/gems/1.8/gems/rack-1.1.0/lib/rack/methodoverride.rb:24:in `call'
/usr/lib/ruby/gems/1.8/gems/actionpack-2.3.8/lib/action_controller/params_parser.rb:15:in `call'
/usr/lib/ruby/gems/1.8/gems/actionpack-2.3.8/lib/action_controller/session/cookie_store.rb:99:in `call'
/usr/lib/ruby/gems/1.8/gems/actionpack-2.3.8/lib/action_controller/failsafe.rb:26:in `call'
/usr/lib/ruby/gems/1.8/gems/rack-1.1.0/lib/rack/lock.rb:11:in `call'
/usr/lib/ruby/gems/1.8/gems/rack-1.1.0/lib/rack/lock.rb:11:in `synchronize'
/usr/lib/ruby/gems/1.8/gems/rack-1.1.0/lib/rack/lock.rb:11:in `call'
/usr/lib/ruby/gems/1.8/gems/actionpack-2.3.8/lib/action_controller/dispatcher.rb:114:in `call'
/usr/lib/ruby/gems/1.8/gems/actionpack-2.3.8/lib/action_controller/reloader.rb:34:in `run'
/usr/lib/ruby/gems/1.8/gems/actionpack-2.3.8/lib/action_controller/dispatcher.rb:108:in `call'
/usr/lib/ruby/gems/1.8/gems/rails-2.3.8/lib/rails/rack/static.rb:31:in `call'
/usr/lib/ruby/gems/1.8/gems/rack-1.1.0/lib/rack/urlmap.rb:47:in `call'
/usr/lib/ruby/gems/1.8/gems/rack-1.1.0/lib/rack/urlmap.rb:41:in `each'
/usr/lib/ruby/gems/1.8/gems/rack-1.1.0/lib/rack/urlmap.rb:41:in `call'
/usr/lib/ruby/gems/1.8/gems/rails-2.3.8/lib/rails/rack/log_tailer.rb:17:in `call'
/usr/lib/ruby/gems/1.8/gems/rack-1.1.0/lib/rack/content_length.rb:13:in `call'
/usr/lib/ruby/gems/1.8/gems/rack-1.1.0/lib/rack/handler/webrick.rb:48:in `service'
/usr/lib/ruby/1.8/webrick/httpserver.rb:104:in `service'
/usr/lib/ruby/1.8/webrick/httpserver.rb:65:in `run'
/usr/lib/ruby/1.8/webrick/server.rb:173:in `start_thread'
/usr/lib/ruby/1.8/webrick/server.rb:162:in `start'
/usr/lib/ruby/1.8/webrick/server.rb:162:in `start_thread'
/usr/lib/ruby/1.8/webrick/server.rb:95:in `start'
/usr/lib/ruby/1.8/webrick/server.rb:92:in `each'
/usr/lib/ruby/1.8/webrick/server.rb:92:in `start'
/usr/lib/ruby/1.8/webrick/server.rb:23:in `start'
/usr/lib/ruby/1.8/webrick/server.rb:82:in `start'
/usr/lib/ruby/gems/1.8/gems/rack-1.1.0/lib/rack/handler/webrick.rb:14:in `run'
/usr/lib/ruby/gems/1.8/gems/rails-2.3.8/lib/commands/server.rb:111
/usr/lib/ruby/site_ruby/1.8/rubygems/custom_require.rb:31:in `gem_original_require'
/usr/lib/ruby/site_ruby/1.8/rubygems/custom_require.rb:31:in `require'
./script/server:3

ActionView::TemplateError (compile error
/cygdrive/c/Users/Derrick/My Dropbox/CS169/assignments/hw2/rottenpotatoes/app/views/movies/new.html.erb:21: syntax error, unexpected '<', expecting ')'
  </p>
   ^
/cygdrive/c/Users/Derrick/My Dropbox/CS169/assignments/hw2/rottenpotatoes/app/views/movies/new.html.erb:23: unknown regexp option - p
/cygdrive/c/Users/Derrick/My Dropbox/CS169/assignments/hw2/rottenpotatoes/app/views/movies/new.html.erb:23: unmatched ): /p>
  <p>
    <%= f.submit 'Create' ).to_s); @output_buffer.concat "\n  </
/cygdrive/c/Users/Derrick/My Dropbox/CS169/assignments/hw2/rottenpotatoes/app/views/movies/new.html.erb:23: syntax error, unexpected $undefined
    <%= f.submit 'Create' ).to_s); @output_buffer.concat "\n  </p>\n"
                                                                   ^
/cygdrive/c/Users/Derrick/My Dropbox/CS169/assignments/hw2/rottenpotatoes/app/views/movies/new.html.erb:25: syntax error, unexpected $undefined, expecting ')'
;  end ; @output_buffer.concat "\n\n"
                                 ^
/cygdrive/c/Users/Derrick/My Dropbox/CS169/assignments/hw2/rottenpotatoes/app/views/movies/new.html.erb:27: syntax error, unexpected $undefined, expecting ')'
...o_s); @output_buffer.concat "\n"
                              ^
/cygdrive/c/Users/Derrick/My Dropbox/CS169/assignments/hw2/rottenpotatoes/app/views/movies/new.html.erb:27: unterminated string meets end of file
/cygdrive/c/Users/Derrick/My Dropbox/CS169/assignments/hw2/rottenpotatoes/app/views/movies/new.html.erb:27: syntax error, unexpected $end, expecting ')') on line #21 of app/views/movies/new.html.erb:
18:   <p>
19:     <%= f.label :released_on %><br />
20:     <%= f.datetime_select :released_on, :prompt => {:month => 'Choose month', :day => 'Choose day', :year => 'Choose year'}
21:   </p>
22:   <p>
23:     <%= f.submit 'Create' %>
24:   </p>

    app/views/movies/new.html.erb:27:in `compile!'
    app/controllers/movies_controller.rb:29:in `new'
    /usr/lib/ruby/1.8/webrick/httpserver.rb:104:in `service'
    /usr/lib/ruby/1.8/webrick/httpserver.rb:65:in `run'
    /usr/lib/ruby/1.8/webrick/server.rb:173:in `start_thread'
    /usr/lib/ruby/1.8/webrick/server.rb:162:in `start'
    /usr/lib/ruby/1.8/webrick/server.rb:162:in `start_thread'
    /usr/lib/ruby/1.8/webrick/server.rb:95:in `start'
    /usr/lib/ruby/1.8/webrick/server.rb:92:in `each'
    /usr/lib/ruby/1.8/webrick/server.rb:92:in `start'
    /usr/lib/ruby/1.8/webrick/server.rb:23:in `start'
    /usr/lib/ruby/1.8/webrick/server.rb:82:in `start'

Rendered rescues/_trace (121.0ms)
Rendered rescues/_request_and_response (2.0ms)
Rendering rescues/layout (internal_server_error)


Processing MoviesController#new (for 127.0.0.1 at 2010-09-15 00:28:54) [GET]
Rendering template within layouts/movies
Rendering movies/new
Completed in 36ms (View: 24, DB: 0) | 200 OK [http://localhost/movies/new]


Processing MoviesController#new (for 127.0.0.1 at 2010-09-15 00:29:12) [GET]
Rendering template within layouts/movies
Rendering movies/new
Completed in 32ms (View: 22, DB: 0) | 200 OK [http://localhost/movies/new]


Processing MoviesController#new (for 127.0.0.1 at 2010-09-15 00:29:14) [GET]
Rendering template within layouts/movies
Rendering movies/new
Completed in 28ms (View: 18, DB: 0) | 200 OK [http://localhost/movies/new]


Processing MoviesController#new (for 127.0.0.1 at 2010-09-15 00:33:31) [GET]
Rendering template within layouts/movies
Rendering movies/new
Completed in 35ms (View: 23, DB: 0) | 200 OK [http://localhost/movies/new]


Processing MoviesController#new (for 127.0.0.1 at 2010-09-15 00:35:54) [GET]
Rendering template within layouts/movies
Rendering movies/new
Completed in 30ms (View: 19, DB: 0) | 200 OK [http://localhost/movies/new]


Processing MoviesController#create (for 127.0.0.1 at 2010-09-15 00:35:56) [POST]
  Parameters: {"commit"=>"Create", "authenticity_token"=>"QYeCitmPge15/Qw/SIIB1QckQbDNl9mFxM3My688Nrs=", "movie"=>{"rating"=>"", "title"=>"", "released_on(1i)"=>"2010", "released_on(2i)"=>"9", "released_on(3i)"=>"15", "description"=>""}}
  [4;36;1mMovie Create (1.0ms)[0m   [0;1mINSERT INTO "movies" ("rating", "created_at", "title", "released_on", "updated_at", "description") VALUES('', '2010-09-15 07:35:56', '', '2010-09-15 00:00:00', '2010-09-15 07:35:56', '')[0m
Redirected to http://localhost:3000/movies/2
Completed in 93ms (DB: 1) | 302 Found [http://localhost/movies]


Processing MoviesController#show (for 127.0.0.1 at 2010-09-15 00:35:57) [GET]
  Parameters: {"id"=>"2"}
  [4;35;1mMovie Load (0.0ms)[0m   [0mSELECT * FROM "movies" WHERE ("movies"."id" = 2) [0m
Rendering template within layouts/movies
Rendering movies/show
Completed in 16ms (View: 5, DB: 0) | 200 OK [http://localhost/movies/2]


Processing MoviesController#index (for 127.0.0.1 at 2010-09-15 00:35:58) [GET]
  [4;36;1mMovie Load (1.0ms)[0m   [0;1mSELECT * FROM "movies" [0m
Rendering template within layouts/movies
Rendering movies/index
Completed in 22ms (View: 12, DB: 1) | 200 OK [http://localhost/movies]


Processing MoviesController#new (for 127.0.0.1 at 2010-09-15 00:38:15) [GET]
Rendering template within layouts/movies
Rendering movies/new

ActionView::TemplateError (undefined method `select_tag' for #<ActionView::Helpers::FormBuilder:0x7e7b9c8c>) on line #16 of app/views/movies/new.html.erb:
13:   </p>
14:   <p>
15:     <%= f.label :rating %><br />
16:     <%= f.select_tag :rating, :multiple=>true %>
17:   </p>
18:   <p>
19:     <%= f.label :released_on %><br />

    app/views/movies/new.html.erb:16
    app/views/movies/new.html.erb:3
    app/controllers/movies_controller.rb:29:in `new'
    /usr/lib/ruby/1.8/webrick/httpserver.rb:104:in `service'
    /usr/lib/ruby/1.8/webrick/httpserver.rb:65:in `run'
    /usr/lib/ruby/1.8/webrick/server.rb:173:in `start_thread'
    /usr/lib/ruby/1.8/webrick/server.rb:162:in `start'
    /usr/lib/ruby/1.8/webrick/server.rb:162:in `start_thread'
    /usr/lib/ruby/1.8/webrick/server.rb:95:in `start'
    /usr/lib/ruby/1.8/webrick/server.rb:92:in `each'
    /usr/lib/ruby/1.8/webrick/server.rb:92:in `start'
    /usr/lib/ruby/1.8/webrick/server.rb:23:in `start'
    /usr/lib/ruby/1.8/webrick/server.rb:82:in `start'

Rendered rescues/_trace (50.0ms)
Rendered rescues/_request_and_response (0.0ms)
Rendering rescues/layout (internal_server_error)


Processing MoviesController#new (for 127.0.0.1 at 2010-09-15 00:38:44) [GET]
Rendering template within layouts/movies
Rendering movies/new

ActionView::TemplateError (undefined method `select_tag' for #<ActionView::Helpers::FormBuilder:0x7e5eba40>) on line #16 of app/views/movies/new.html.erb:
13:   </p>
14:   <p>
15:     <%= f.label :rating %><br />
16:     <%= f.select_tag :rating %>
17:   </p>
18:   <p>
19:     <%= f.label :released_on %><br />

    app/views/movies/new.html.erb:16
    app/views/movies/new.html.erb:3
    app/controllers/movies_controller.rb:29:in `new'
    /usr/lib/ruby/1.8/webrick/httpserver.rb:104:in `service'
    /usr/lib/ruby/1.8/webrick/httpserver.rb:65:in `run'
    /usr/lib/ruby/1.8/webrick/server.rb:173:in `start_thread'
    /usr/lib/ruby/1.8/webrick/server.rb:162:in `start'
    /usr/lib/ruby/1.8/webrick/server.rb:162:in `start_thread'
    /usr/lib/ruby/1.8/webrick/server.rb:95:in `start'
    /usr/lib/ruby/1.8/webrick/server.rb:92:in `each'
    /usr/lib/ruby/1.8/webrick/server.rb:92:in `start'
    /usr/lib/ruby/1.8/webrick/server.rb:23:in `start'
    /usr/lib/ruby/1.8/webrick/server.rb:82:in `start'

Rendered rescues/_trace (125.0ms)
Rendered rescues/_request_and_response (0.0ms)
Rendering rescues/layout (internal_server_error)


Processing MoviesController#index (for 127.0.0.1 at 2010-09-15 00:38:45) [GET]
  [4;35;1mMovie Load (1.0ms)[0m   [0mSELECT * FROM "movies" [0m
Rendering template within layouts/movies
Rendering movies/index
Completed in 21ms (View: 12, DB: 1) | 200 OK [http://localhost/]


Processing MoviesController#new (for 127.0.0.1 at 2010-09-15 00:38:48) [GET]
Rendering template within layouts/movies
Rendering movies/new

ActionView::TemplateError (undefined method `select_tag' for #<ActionView::Helpers::FormBuilder:0x7e6e71b0>) on line #16 of app/views/movies/new.html.erb:
13:   </p>
14:   <p>
15:     <%= f.label :rating %><br />
16:     <%= f.select_tag :rating %>
17:   </p>
18:   <p>
19:     <%= f.label :released_on %><br />

    app/views/movies/new.html.erb:16
    app/views/movies/new.html.erb:3
    app/controllers/movies_controller.rb:29:in `new'
    /usr/lib/ruby/1.8/webrick/httpserver.rb:104:in `service'
    /usr/lib/ruby/1.8/webrick/httpserver.rb:65:in `run'
    /usr/lib/ruby/1.8/webrick/server.rb:173:in `start_thread'
    /usr/lib/ruby/1.8/webrick/server.rb:162:in `start'
    /usr/lib/ruby/1.8/webrick/server.rb:162:in `start_thread'
    /usr/lib/ruby/1.8/webrick/server.rb:95:in `start'
    /usr/lib/ruby/1.8/webrick/server.rb:92:in `each'
    /usr/lib/ruby/1.8/webrick/server.rb:92:in `start'
    /usr/lib/ruby/1.8/webrick/server.rb:23:in `start'
    /usr/lib/ruby/1.8/webrick/server.rb:82:in `start'

Rendered rescues/_trace (44.0ms)
Rendered rescues/_request_and_response (0.0ms)
Rendering rescues/layout (internal_server_error)


Processing MoviesController#new (for 127.0.0.1 at 2010-09-15 00:42:09) [GET]
Rendering template within layouts/movies
Rendering movies/new

ActionView::TemplateError (wrong number of arguments (1 for 2)) on line #16 of app/views/movies/new.html.erb:
13:   </p>
14:   <p>
15:     <%= f.label :rating %><br />
16:     <%= f.select :rating %>
17:   </p>
18:   <p>
19:     <%= f.label :released_on %><br />

    app/views/movies/new.html.erb:16:in `select'
    app/views/movies/new.html.erb:16
    app/views/movies/new.html.erb:3
    app/controllers/movies_controller.rb:29:in `new'
    /usr/lib/ruby/1.8/webrick/httpserver.rb:104:in `service'
    /usr/lib/ruby/1.8/webrick/httpserver.rb:65:in `run'
    /usr/lib/ruby/1.8/webrick/server.rb:173:in `start_thread'
    /usr/lib/ruby/1.8/webrick/server.rb:162:in `start'
    /usr/lib/ruby/1.8/webrick/server.rb:162:in `start_thread'
    /usr/lib/ruby/1.8/webrick/server.rb:95:in `start'
    /usr/lib/ruby/1.8/webrick/server.rb:92:in `each'
    /usr/lib/ruby/1.8/webrick/server.rb:92:in `start'
    /usr/lib/ruby/1.8/webrick/server.rb:23:in `start'
    /usr/lib/ruby/1.8/webrick/server.rb:82:in `start'

Rendered rescues/_trace (128.0ms)
Rendered rescues/_request_and_response (0.0ms)
Rendering rescues/layout (internal_server_error)


Processing MoviesController#new (for 127.0.0.1 at 2010-09-15 00:44:43) [GET]
Rendering template within layouts/movies
Rendering movies/new
Completed in 28ms (View: 18, DB: 0) | 200 OK [http://localhost/movies/new]


Processing MoviesController#new (for 127.0.0.1 at 2010-09-15 00:45:49) [GET]
Rendering template within layouts/movies
Rendering movies/new
Completed in 29ms (View: 18, DB: 0) | 200 OK [http://localhost/movies/new]


Processing MoviesController#create (for 127.0.0.1 at 2010-09-15 00:45:54) [POST]
  Parameters: {"commit"=>"Create", "authenticity_token"=>"QYeCitmPge15/Qw/SIIB1QckQbDNl9mFxM3My688Nrs=", "movie"=>{"rating"=>"PG", "title"=>"", "released_on(1i)"=>"2010", "released_on(2i)"=>"9", "released_on(3i)"=>"15", "description"=>""}}
  [4;36;1mMovie Create (1.0ms)[0m   [0;1mINSERT INTO "movies" ("rating", "created_at", "title", "released_on", "updated_at", "description") VALUES('PG', '2010-09-15 07:45:54', '', '2010-09-15 00:00:00', '2010-09-15 07:45:54', '')[0m
Redirected to http://localhost:3000/movies/3
Completed in 88ms (DB: 1) | 302 Found [http://localhost/movies]


Processing MoviesController#show (for 127.0.0.1 at 2010-09-15 00:45:54) [GET]
  Parameters: {"id"=>"3"}
  [4;35;1mMovie Load (0.0ms)[0m   [0mSELECT * FROM "movies" WHERE ("movies"."id" = 3) [0m
Rendering template within layouts/movies
Rendering movies/show
Completed in 15ms (View: 4, DB: 0) | 200 OK [http://localhost/movies/3]


Processing MoviesController#index (for 127.0.0.1 at 2010-09-15 00:45:56) [GET]
  [4;36;1mMovie Load (0.0ms)[0m   [0;1mSELECT * FROM "movies" [0m
Rendering template within layouts/movies
Rendering movies/index
Completed in 24ms (View: 14, DB: 0) | 200 OK [http://localhost/movies]
  [4;36;1mSQL (1.0ms)[0m   [0;1m SELECT name
 FROM sqlite_master
 WHERE type = 'table' AND NOT name = 'sqlite_sequence'
[0m
  [4;35;1mSQL (0.0ms)[0m   [0mSELECT version FROM schema_migrations[0m
  [4;36;1mSQL (1.0ms)[0m   [0;1mselect sqlite_version(*)[0m
  [4;35;1mSQL (0.0ms)[0m   [0m SELECT name
 FROM sqlite_master
 WHERE type = 'table' AND NOT name = 'sqlite_sequence'
[0m
  [4;36;1mSQL (77.0ms)[0m   [0;1mCREATE TABLE "movies" ("id" INTEGER PRIMARY KEY AUTOINCREMENT NOT NULL, "title" varchar(255), "description" text, "rating" varchar(255), "released_on" datetime, "created_at" datetime, "updated_at" datetime) [0m
  [4;35;1mSQL (0.0ms)[0m   [0m SELECT name
 FROM sqlite_master
 WHERE type = 'table' AND NOT name = 'sqlite_sequence'
[0m
  [4;36;1mSQL (65.0ms)[0m   [0;1mCREATE TABLE "schema_migrations" ("version" varchar(255) NOT NULL) [0m
  [4;35;1mSQL (0.0ms)[0m   [0mPRAGMA index_list("schema_migrations")[0m
  [4;36;1mSQL (86.0ms)[0m   [0;1mCREATE UNIQUE INDEX "unique_schema_migrations" ON "schema_migrations" ("version")[0m
  [4;35;1mSQL (0.0ms)[0m   [0m SELECT name
 FROM sqlite_master
 WHERE type = 'table' AND NOT name = 'sqlite_sequence'
[0m
  [4;36;1mSQL (0.0ms)[0m   [0;1mSELECT version FROM "schema_migrations"[0m
  [4;35;1mSQL (77.0ms)[0m   [0mINSERT INTO "schema_migrations" (version) VALUES ('20100915071424')[0m
  [4;36;1mSQL (1.0ms)[0m   [0;1m SELECT name
 FROM sqlite_master
 WHERE type = 'table' AND NOT name = 'sqlite_sequence'
[0m
  [4;35;1mSQL (0.0ms)[0m   [0mSELECT version FROM schema_migrations[0m
  [4;36;1mSQL (0.0ms)[0m   [0;1mselect sqlite_version(*)[0m
  [4;35;1mSQL (0.0ms)[0m   [0m SELECT name
 FROM sqlite_master
 WHERE type = 'table' AND NOT name = 'sqlite_sequence'
[0m
  [4;36;1mSQL (83.0ms)[0m   [0;1mCREATE TABLE "movies" ("id" INTEGER PRIMARY KEY AUTOINCREMENT NOT NULL, "title" varchar(255), "description" text, "rating" varchar(255), "released_on" datetime, "created_at" datetime, "updated_at" datetime) [0m
  [4;35;1mSQL (0.0ms)[0m   [0m SELECT name
 FROM sqlite_master
 WHERE type = 'table' AND NOT name = 'sqlite_sequence'
[0m
  [4;36;1mSQL (80.0ms)[0m   [0;1mCREATE TABLE "schema_migrations" ("version" varchar(255) NOT NULL) [0m
  [4;35;1mSQL (0.0ms)[0m   [0mPRAGMA index_list("schema_migrations")[0m
  [4;36;1mSQL (64.0ms)[0m   [0;1mCREATE UNIQUE INDEX "unique_schema_migrations" ON "schema_migrations" ("version")[0m
  [4;35;1mSQL (0.0ms)[0m   [0m SELECT name
 FROM sqlite_master
 WHERE type = 'table' AND NOT name = 'sqlite_sequence'
[0m
  [4;36;1mSQL (0.0ms)[0m   [0;1mSELECT version FROM "schema_migrations"[0m
  [4;35;1mSQL (85.0ms)[0m   [0mINSERT INTO "schema_migrations" (version) VALUES ('20100915071424')[0m
